{
  "RSpec": {
    "coverage": {
      "/Users/trevorfahey/Projects/Mod2/LaughTracks/config/environment.rb": [
        1,
        1,
        null,
        null,
        1,
        null,
        null,
        2,
        null,
        null,
        3,
        null,
        null,
        1,
        null,
        null,
        1,
        1,
        1,
        1,
        1,
        null,
        null
      ],
      "/Users/trevorfahey/Projects/Mod2/LaughTracks/app/controllers/laugh_tracks_app.rb": [
        1,
        1,
        null,
        1,
        0,
        null,
        null,
        1,
        null,
        2,
        2,
        2,
        null,
        null,
        null,
        null
      ],
      "/Users/trevorfahey/Projects/Mod2/LaughTracks/app/models/special.rb": [
        1,
        1,
        1,
        null
      ],
      "/Users/trevorfahey/Projects/Mod2/LaughTracks/app/models/comedian.rb": [
        1,
        1,
        1,
        null
      ],
      "/Users/trevorfahey/Projects/Mod2/LaughTracks/config/database.rb": [
        null,
        1,
        1,
        null,
        null,
        1,
        1,
        null,
        null,
        null,
        null,
        null,
        null,
        null
      ],
      "/Users/trevorfahey/Projects/Mod2/LaughTracks/spec/features/user_can_add_a_comedian_spec.rb": [
        null,
        null,
        null,
        null,
        null
      ],
      "/Users/trevorfahey/Projects/Mod2/LaughTracks/spec/features/user_can_retrieve_all_comedians_spec.rb": [
        null,
        1,
        1,
        1,
        1,
        1,
        1,
        null,
        null,
        0,
        0,
        0,
        null,
        null,
        null
      ],
      "/Users/trevorfahey/Projects/Mod2/LaughTracks/spec/features/user_can_retrieve_all_comedians_specials_spec.rb": [
        1,
        1,
        1,
        1,
        1,
        1,
        null,
        null,
        0,
        0,
        0,
        null,
        null,
        null,
        null
      ],
      "/Users/trevorfahey/Projects/Mod2/LaughTracks/spec/features/user_can_retrieve_all_statistics_spec.rb": [
        null,
        null,
        null,
        null,
        null,
        null,
        null,
        null,
        null,
        null,
        null,
        null,
        null,
        null,
        null,
        null
      ],
      "/Users/trevorfahey/Projects/Mod2/LaughTracks/spec/features/user_can_retrieve_comedians_of_select_age_spec.rb": [
        null,
        null,
        null,
        null,
        null,
        null,
        null,
        null,
        null,
        null,
        null,
        null,
        null,
        null,
        null,
        null,
        null,
        null,
        null,
        null,
        null,
        null,
        null,
        null
      ],
      "/Users/trevorfahey/Projects/Mod2/LaughTracks/spec/models/comedian_spec.rb": [
        1,
        1,
        1,
        1,
        1,
        1,
        null,
        null,
        1,
        1,
        1,
        null,
        null,
        null,
        null,
        null,
        null
      ],
      "/Users/trevorfahey/Projects/Mod2/LaughTracks/spec/models/special_spec.rb": [
        1,
        1,
        1,
        1,
        1,
        1,
        null,
        null,
        null,
        null
      ]
    },
    "timestamp": 1538962956
  }
}
